<?xml version="1.0" encoding="UTF-8"?>
<testsuite xmlns:xsi="http://www.w3.org/2001/XMLSchema-instance" xsi:noNamespaceSchemaLocation="https://maven.apache.org/surefire/maven-surefire-plugin/xsd/surefire-test-report-3.0.xsd" version="3.0" name="unlp.info.bd2.ToursApplicationTests" time="2.495" tests="1" errors="0" skipped="0" failures="0">
  <properties>
[...]
</properties>
  <testcase name="testStopFields" classname="unlp.info.bd2.ToursApplicationTests" time="0.373">
    <system-out><![CDATA[15:57:34.529 [main] INFO org.hibernate.Version -- HHH000412: Hibernate ORM core version 6.4.3.Final
15:57:34.561 [main] INFO org.hibernate.cache.internal.RegionFactoryInitiator -- HHH000026: Second-level cache disabled
15:57:34.794 [main] WARN org.hibernate.orm.deprecation -- HHH90000025: MySQLDialect does not need to be specified explicitly using 'hibernate.dialect' (remove the property setting and it will be selected by default)
15:57:35.473 [main] INFO org.hibernate.engine.transaction.jta.platform.internal.JtaPlatformInitiator -- HHH000489: No JTA platform available (set 'hibernate.transaction.jta.platform' to enable JTA platform integration)
Hibernate: 
    alter table itemService 
       drop 
       foreign key FK1aqbw302rat8sydw3us3mdqib
Hibernate: 
    alter table itemService 
       drop 
       foreign key FKmgdy5kcppija1du5jtidoirr6
Hibernate: 
    alter table purchase 
       drop 
       foreign key FKlcpdjfiob46rcasubm36h5386
Hibernate: 
    alter table purchase 
       drop 
       foreign key FKac24e0rjfu5fa672i91ux9ecm
Hibernate: 
    alter table review 
       drop 
       foreign key FK731w9xg0e85ajicsu83ljt0le
Hibernate: 
    alter table route_driver 
       drop 
       foreign key FK3khvk78ffrxfrw4o2q0kd89ef
Hibernate: 
    alter table route_driver 
       drop 
       foreign key FK7hlkkl6wpy9yt033oaswm3sh6
Hibernate: 
    alter table route_stop 
       drop 
       foreign key FKmu1b9fkhu2d4982t14wc4wjg9
Hibernate: 
    alter table route_stop 
       drop 
       foreign key FKrah0j8khs716aqhsqt3x5yxbw
Hibernate: 
    alter table route_tour_guide 
       drop 
       foreign key FKryy0iyrxsuyx7bfoeniv61gk8
Hibernate: 
    alter table route_tour_guide 
       drop 
       foreign key FKk07x1hkul7qy8j6vwl05ig3m5
Hibernate: 
    alter table service 
       drop 
       foreign key FK7e25rr8xu6adyi4gh3ieifp5c
Hibernate: 
    drop table if exists itemService
Hibernate: 
    drop table if exists purchase
Hibernate: 
    drop table if exists review
Hibernate: 
    drop table if exists route
Hibernate: 
    drop table if exists route_driver
Hibernate: 
    drop table if exists route_stop
Hibernate: 
    drop table if exists route_tour_guide
Hibernate: 
    drop table if exists service
Hibernate: 
    drop table if exists stop
Hibernate: 
    drop table if exists supplier
Hibernate: 
    drop table if exists User
Hibernate: 
    create table itemService (
        quantity integer,
        id bigint not null auto_increment,
        purchase_id bigint not null,
        service_id bigint not null,
        primary key (id)
    ) engine=InnoDB
Hibernate: 
    create table purchase (
        total_price float(23),
        date datetime(6) not null,
        id bigint not null auto_increment,
        route_id bigint not null,
        user_id bigint,
        code varchar(255) not null,
        primary key (id)
    ) engine=InnoDB
Hibernate: 
    create table review (
        rating integer,
        id bigint not null auto_increment,
        purchase_id bigint not null,
        comment varchar(255),
        primary key (id)
    ) engine=InnoDB
Hibernate: 
    create table route (
        maxNumberUsers integer,
        price float(23) not null,
        totalKm float(23),
        id bigint not null auto_increment,
        name varchar(100) not null,
        primary key (id)
    ) engine=InnoDB
Hibernate: 
    create table route_driver (
        driver_id bigint not null,
        route_id bigint not null
    ) engine=InnoDB
Hibernate: 
    create table route_stop (
        route_id bigint not null,
        stop_id bigint not null
    ) engine=InnoDB
Hibernate: 
    create table route_tour_guide (
        route_id bigint not null,
        tour_guide_id bigint not null
    ) engine=InnoDB
Hibernate: 
    create table service (
        price float(23),
        id bigint not null auto_increment,
        supplier_id bigint not null,
        name varchar(100),
        description TEXT,
        primary key (id)
    ) engine=InnoDB
Hibernate: 
    create table stop (
        id bigint not null auto_increment,
        name varchar(100) not null,
        description TEXT,
        primary key (id)
    ) engine=InnoDB
Hibernate: 
    create table supplier (
        id bigint not null auto_increment,
        authorizationNumber TEXT,
        businessName TEXT,
        primary key (id)
    ) engine=InnoDB
Hibernate: 
    create table User (
        active bit not null,
        birthdate date,
        id bigint not null auto_increment,
        phone_number varchar(20),
        user_type varchar(31) not null,
        email varchar(100) not null,
        expedient varchar(100) not null,
        name varchar(100),
        password varchar(100) not null,
        username varchar(100) not null,
        education varchar(255),
        primary key (id)
    ) engine=InnoDB
Hibernate: 
    alter table purchase 
       add constraint UK_2pwvqbnxy6v5c0y1baow5by8t unique (code)
Hibernate: 
    alter table review 
       add constraint UK_qv55tbygybrtvuyut6ropvfpr unique (purchase_id)
Hibernate: 
    alter table User 
       add constraint UK_e6gkqunxajvyxl5uctpl2vl2p unique (email)
Hibernate: 
    alter table User 
       add constraint UK_93hlgqpuwyt3w6tyuaork78bs unique (expedient)
Hibernate: 
    alter table User 
       add constraint UK_jreodf78a7pl5qidfh43axdfb unique (username)
Hibernate: 
    alter table itemService 
       add constraint FK1aqbw302rat8sydw3us3mdqib 
       foreign key (purchase_id) 
       references purchase (id)
Hibernate: 
    alter table itemService 
       add constraint FKmgdy5kcppija1du5jtidoirr6 
       foreign key (service_id) 
       references service (id)
Hibernate: 
    alter table purchase 
       add constraint FKlcpdjfiob46rcasubm36h5386 
       foreign key (route_id) 
       references route (id)
Hibernate: 
    alter table purchase 
       add constraint FKac24e0rjfu5fa672i91ux9ecm 
       foreign key (user_id) 
       references User (id)
Hibernate: 
    alter table review 
       add constraint FK731w9xg0e85ajicsu83ljt0le 
       foreign key (purchase_id) 
       references purchase (id)
Hibernate: 
    alter table route_driver 
       add constraint FK3khvk78ffrxfrw4o2q0kd89ef 
       foreign key (driver_id) 
       references User (id)
Hibernate: 
    alter table route_driver 
       add constraint FK7hlkkl6wpy9yt033oaswm3sh6 
       foreign key (route_id) 
       references route (id)
Hibernate: 
    alter table route_stop 
       add constraint FKmu1b9fkhu2d4982t14wc4wjg9 
       foreign key (stop_id) 
       references stop (id)
Hibernate: 
    alter table route_stop 
       add constraint FKrah0j8khs716aqhsqt3x5yxbw 
       foreign key (route_id) 
       references route (id)
Hibernate: 
    alter table route_tour_guide 
       add constraint FKryy0iyrxsuyx7bfoeniv61gk8 
       foreign key (tour_guide_id) 
       references User (id)
Hibernate: 
    alter table route_tour_guide 
       add constraint FKk07x1hkul7qy8j6vwl05ig3m5 
       foreign key (route_id) 
       references route (id)
Hibernate: 
    alter table service 
       add constraint FK7e25rr8xu6adyi4gh3ieifp5c 
       foreign key (supplier_id) 
       references supplier (id)
]]></system-out>
    <system-err><![CDATA[Loading class `com.mysql.jdbc.Driver'. This is deprecated. The new driver class is `com.mysql.cj.jdbc.Driver'. The driver is automatically registered via the SPI and manual loading of the driver class is generally unnecessary.
]]></system-err>
  </testcase>
</testsuite>