<?xml version="1.0" encoding="UTF-8"?>
<testsuite xmlns:xsi="http://www.w3.org/2001/XMLSchema-instance" xsi:noNamespaceSchemaLocation="https://maven.apache.org/surefire/maven-surefire-plugin/xsd/surefire-test-report-3.0.xsd" version="3.0" name="unlp.info.bd2.ToursQuerysTests" time="1.737" tests="14" errors="13" skipped="0" failures="0">
  <properties>
[...]
</properties>
  <testcase name="getRoutsNotSellTest" classname="unlp.info.bd2.ToursQuerysTests" time="0.327">
    <error message="Unimplemented method &apos;getRoutsNotSell&apos;" type="java.lang.UnsupportedOperationException"><![CDATA[java.lang.UnsupportedOperationException: Unimplemented method 'getRoutsNotSell'
	at unlp.info.bd2.services.ToursServiceImpl.getRoutsNotSell(ToursServiceImpl.java:254)
	at unlp.info.bd2.ToursQuerysTests.getRoutsNotSellTest(ToursQuerysTests.java:137)
	at java.base/java.lang.reflect.Method.invoke(Method.java:569)
	at java.base/java.util.ArrayList.forEach(ArrayList.java:1511)
	at java.base/java.util.ArrayList.forEach(ArrayList.java:1511)
]]></error>
    <system-out><![CDATA[15:56:27.044 [main] INFO org.hibernate.Version -- HHH000412: Hibernate ORM core version 6.4.3.Final
15:56:27.075 [main] INFO org.hibernate.cache.internal.RegionFactoryInitiator -- HHH000026: Second-level cache disabled
15:56:27.306 [main] WARN org.hibernate.orm.deprecation -- HHH90000025: MySQLDialect does not need to be specified explicitly using 'hibernate.dialect' (remove the property setting and it will be selected by default)
15:56:27.798 [main] INFO org.hibernate.engine.transaction.jta.platform.internal.JtaPlatformInitiator -- HHH000489: No JTA platform available (set 'hibernate.transaction.jta.platform' to enable JTA platform integration)
Hibernate: 
    drop table if exists Stop
Hibernate: 
    create table Stop (
        id bigint not null auto_increment,
        name varchar(100) not null,
        description TEXT,
        primary key (id)
    ) engine=InnoDB
]]></system-out>
    <system-err><![CDATA[Loading class `com.mysql.jdbc.Driver'. This is deprecated. The new driver class is `com.mysql.cj.jdbc.Driver'. The driver is automatically registered via the SPI and manual loading of the driver class is generally unnecessary.
]]></system-err>
  </testcase>
  <testcase name="getAllPurchasesOfUsernameTest" classname="unlp.info.bd2.ToursQuerysTests" time="0.003">
    <error message="Unimplemented method &apos;getAllPurchasesOfUsername&apos;" type="java.lang.UnsupportedOperationException"><![CDATA[java.lang.UnsupportedOperationException: Unimplemented method 'getAllPurchasesOfUsername'
	at unlp.info.bd2.services.ToursServiceImpl.getAllPurchasesOfUsername(ToursServiceImpl.java:206)
	at unlp.info.bd2.ToursQuerysTests.getAllPurchasesOfUsernameTest(ToursQuerysTests.java:56)
	at java.base/java.lang.reflect.Method.invoke(Method.java:569)
	at java.base/java.util.ArrayList.forEach(ArrayList.java:1511)
	at java.base/java.util.ArrayList.forEach(ArrayList.java:1511)
]]></error>
  </testcase>
  <testcase name="getRoutesWithStopTest" classname="unlp.info.bd2.ToursQuerysTests" time="0.003">
    <error message="Unimplemented method &apos;getStopByNameStart&apos;" type="java.lang.UnsupportedOperationException"><![CDATA[java.lang.UnsupportedOperationException: Unimplemented method 'getStopByNameStart'
	at unlp.info.bd2.services.ToursServiceImpl.getStopByNameStart(ToursServiceImpl.java:96)
	at unlp.info.bd2.ToursQuerysTests.getRoutesWithStopTest(ToursQuerysTests.java:115)
	at java.base/java.lang.reflect.Method.invoke(Method.java:569)
	at java.base/java.util.ArrayList.forEach(ArrayList.java:1511)
	at java.base/java.util.ArrayList.forEach(ArrayList.java:1511)
]]></error>
  </testcase>
  <testcase name="getServiceNoAddedToPurchasesTest" classname="unlp.info.bd2.ToursQuerysTests" time="0.004">
    <error message="Unimplemented method &apos;getServiceNoAddedToPurchases&apos;" type="java.lang.UnsupportedOperationException"><![CDATA[java.lang.UnsupportedOperationException: Unimplemented method 'getServiceNoAddedToPurchases'
	at unlp.info.bd2.services.ToursServiceImpl.getServiceNoAddedToPurchases(ToursServiceImpl.java:272)
	at unlp.info.bd2.ToursQuerysTests.getServiceNoAddedToPurchasesTest(ToursQuerysTests.java:158)
	at java.base/java.lang.reflect.Method.invoke(Method.java:569)
	at java.base/java.util.ArrayList.forEach(ArrayList.java:1511)
	at java.base/java.util.ArrayList.forEach(ArrayList.java:1511)
]]></error>
  </testcase>
  <testcase name="getMaxStopOfRoutesTest" classname="unlp.info.bd2.ToursQuerysTests" time="0.003">
    <error message="Unimplemented method &apos;getMaxStopOfRoutes&apos;" type="java.lang.UnsupportedOperationException"><![CDATA[java.lang.UnsupportedOperationException: Unimplemented method 'getMaxStopOfRoutes'
	at unlp.info.bd2.services.ToursServiceImpl.getMaxStopOfRoutes(ToursServiceImpl.java:248)
	at unlp.info.bd2.ToursQuerysTests.getMaxStopOfRoutesTest(ToursQuerysTests.java:131)
	at java.base/java.lang.reflect.Method.invoke(Method.java:569)
	at java.base/java.util.ArrayList.forEach(ArrayList.java:1511)
	at java.base/java.util.ArrayList.forEach(ArrayList.java:1511)
]]></error>
  </testcase>
  <testcase name="getTop10MoreExpensivePurchasesInServicesTest" classname="unlp.info.bd2.ToursQuerysTests" time="0.002">
    <error message="Unimplemented method &apos;getTop10MoreExpensivePurchasesInServices&apos;" type="java.lang.UnsupportedOperationException"><![CDATA[java.lang.UnsupportedOperationException: Unimplemented method 'getTop10MoreExpensivePurchasesInServices'
	at unlp.info.bd2.services.ToursServiceImpl.getTop10MoreExpensivePurchasesInServices(ToursServiceImpl.java:224)
	at unlp.info.bd2.ToursQuerysTests.getTop10MoreExpensivePurchasesInServicesTest(ToursQuerysTests.java:90)
	at java.base/java.lang.reflect.Method.invoke(Method.java:569)
	at java.base/java.util.ArrayList.forEach(ArrayList.java:1511)
	at java.base/java.util.ArrayList.forEach(ArrayList.java:1511)
]]></error>
  </testcase>
  <testcase name="getTopNSuppliersInPurchasesTest" classname="unlp.info.bd2.ToursQuerysTests" time="0.002">
    <error message="Unimplemented method &apos;getTopNSuppliersInPurchases&apos;" type="java.lang.UnsupportedOperationException"><![CDATA[java.lang.UnsupportedOperationException: Unimplemented method 'getTopNSuppliersInPurchases'
	at unlp.info.bd2.services.ToursServiceImpl.getTopNSuppliersInPurchases(ToursServiceImpl.java:218)
	at unlp.info.bd2.ToursQuerysTests.getTopNSuppliersInPurchasesTest(ToursQuerysTests.java:80)
	at java.base/java.lang.reflect.Method.invoke(Method.java:569)
	at java.base/java.util.ArrayList.forEach(ArrayList.java:1511)
	at java.base/java.util.ArrayList.forEach(ArrayList.java:1511)
]]></error>
  </testcase>
  <testcase name="getTop5UsersMorePurchasesTest" classname="unlp.info.bd2.ToursQuerysTests" time="0.002">
    <error message="Unimplemented method &apos;getTop5UsersMorePurchases&apos;" type="java.lang.UnsupportedOperationException"><![CDATA[java.lang.UnsupportedOperationException: Unimplemented method 'getTop5UsersMorePurchases'
	at unlp.info.bd2.services.ToursServiceImpl.getTop5UsersMorePurchases(ToursServiceImpl.java:230)
	at unlp.info.bd2.ToursQuerysTests.getTop5UsersMorePurchasesTest(ToursQuerysTests.java:97)
	at java.base/java.lang.reflect.Method.invoke(Method.java:569)
	at java.base/java.util.ArrayList.forEach(ArrayList.java:1511)
	at java.base/java.util.ArrayList.forEach(ArrayList.java:1511)
]]></error>
  </testcase>
  <testcase name="init" classname="unlp.info.bd2.ToursQuerysTests" time="0.002"/>
  <testcase name="getUserSpendingMoreThanTest" classname="unlp.info.bd2.ToursQuerysTests" time="0.002">
    <error message="Unimplemented method &apos;getUserSpendingMoreThan&apos;" type="java.lang.UnsupportedOperationException"><![CDATA[java.lang.UnsupportedOperationException: Unimplemented method 'getUserSpendingMoreThan'
	at unlp.info.bd2.services.ToursServiceImpl.getUserSpendingMoreThan(ToursServiceImpl.java:212)
	at unlp.info.bd2.ToursQuerysTests.getUserSpendingMoreThanTest(ToursQuerysTests.java:68)
	at java.base/java.lang.reflect.Method.invoke(Method.java:569)
	at java.base/java.util.ArrayList.forEach(ArrayList.java:1511)
	at java.base/java.util.ArrayList.forEach(ArrayList.java:1511)
]]></error>
  </testcase>
  <testcase name="getMostDemandedServiceTest" classname="unlp.info.bd2.ToursQuerysTests" time="0.002">
    <error message="Unimplemented method &apos;getMostDemandedService&apos;" type="java.lang.UnsupportedOperationException"><![CDATA[java.lang.UnsupportedOperationException: Unimplemented method 'getMostDemandedService'
	at unlp.info.bd2.services.ToursServiceImpl.getMostDemandedService(ToursServiceImpl.java:266)
	at unlp.info.bd2.ToursQuerysTests.getMostDemandedServiceTest(ToursQuerysTests.java:151)
	at java.base/java.lang.reflect.Method.invoke(Method.java:569)
	at java.base/java.util.ArrayList.forEach(ArrayList.java:1511)
	at java.base/java.util.ArrayList.forEach(ArrayList.java:1511)
]]></error>
  </testcase>
  <testcase name="getTourGuidesWithRating1Test" classname="unlp.info.bd2.ToursQuerysTests" time="0.001">
    <error message="Unimplemented method &apos;getTourGuidesWithRating1&apos;" type="java.lang.UnsupportedOperationException"><![CDATA[java.lang.UnsupportedOperationException: Unimplemented method 'getTourGuidesWithRating1'
	at unlp.info.bd2.services.ToursServiceImpl.getTourGuidesWithRating1(ToursServiceImpl.java:278)
	at unlp.info.bd2.ToursQuerysTests.getTourGuidesWithRating1Test(ToursQuerysTests.java:165)
	at java.base/java.lang.reflect.Method.invoke(Method.java:569)
	at java.base/java.util.ArrayList.forEach(ArrayList.java:1511)
	at java.base/java.util.ArrayList.forEach(ArrayList.java:1511)
]]></error>
  </testcase>
  <testcase name="getTop3RoutesWithMaxRatingTest" classname="unlp.info.bd2.ToursQuerysTests" time="0.002">
    <error message="Unimplemented method &apos;getTop3RoutesWithMaxRating&apos;" type="java.lang.UnsupportedOperationException"><![CDATA[java.lang.UnsupportedOperationException: Unimplemented method 'getTop3RoutesWithMaxRating'
	at unlp.info.bd2.services.ToursServiceImpl.getTop3RoutesWithMaxRating(ToursServiceImpl.java:260)
	at unlp.info.bd2.ToursQuerysTests.getTop3RoutesWithMaxRatingTest(ToursQuerysTests.java:144)
	at java.base/java.lang.reflect.Method.invoke(Method.java:569)
	at java.base/java.util.ArrayList.forEach(ArrayList.java:1511)
	at java.base/java.util.ArrayList.forEach(ArrayList.java:1511)
]]></error>
  </testcase>
  <testcase name="getCountOfPurchasesBetweenDatesTest" classname="unlp.info.bd2.ToursQuerysTests" time="0.002">
    <error message="Unimplemented method &apos;getCountOfPurchasesBetweenDates&apos;" type="java.lang.UnsupportedOperationException"><![CDATA[java.lang.UnsupportedOperationException: Unimplemented method 'getCountOfPurchasesBetweenDates'
	at unlp.info.bd2.services.ToursServiceImpl.getCountOfPurchasesBetweenDates(ToursServiceImpl.java:236)
	at unlp.info.bd2.ToursQuerysTests.getCountOfPurchasesBetweenDatesTest(ToursQuerysTests.java:105)
	at java.base/java.lang.reflect.Method.invoke(Method.java:569)
	at java.base/java.util.ArrayList.forEach(ArrayList.java:1511)
	at java.base/java.util.ArrayList.forEach(ArrayList.java:1511)
]]></error>
  </testcase>
</testsuite>